<?xml version="1.0" encoding="UTF-8"?>
<!-- Generated by org.testng.reporters.JUnitXMLReporter -->
<testsuite ignored="0" hostname="ACER-MANU" failures="0" tests="5" name="Default test" time="49.842" errors="0" timestamp="2022-11-12T04:05:11 ART">
  <testcase classname="Tematika" name="loadPage" time="18.297"/>
  <testcase classname="Tematika" name="login" time="9.047"/>
  <testcase classname="Tematika" name="searchBook" time="12.123"/>
  <testcase classname="Tematika" name="addToCart" time="0.18"/>
  <testcase classname="Tematika" name="finishTest" time="0.002"/>
</testsuite> <!-- Default test -->
