<?xml version="1.0" encoding="UTF-8"?>
<!-- Generated by org.testng.reporters.JUnitXMLReporter -->
<testsuite ignored="0" hostname="ACER-MANU" failures="0" tests="5" name="Test" time="103.599" errors="0" timestamp="2022-11-19T18:41:56 ART">
  <testcase classname="Tematika" name="loadPage" time="44.887"/>
  <testcase classname="Tematika" name="login" time="11.284"/>
  <testcase classname="Tematika" name="searchBook" time="17.406"/>
  <testcase classname="Tematika" name="addToCart" time="0.163"/>
  <testcase classname="Tematika" name="finishTest" time="0.001"/>
</testsuite> <!-- Test -->
